Mon Dec 23 22:09:45 +0000 2024 - Executing "{openroad -exit -no_init -python /openlane/scripts/odbpy/lefutil.py get_metal_layers -o /openlane/designs/picorv32a/runs/RUN_2024.12.23_22.09.45/tmp/layers.list /home/yugal85/.volare/sky130A/libs.ref/sky130_fd_sc_hd/techlef/sky130_fd_sc_hd__nom.tlef}"

Mon Dec 23 22:09:46 +0000 2024 - Executing "{/openlane/scripts/mergeLef.py -o /openlane/designs/picorv32a/runs/RUN_2024.12.23_22.09.45/tmp/merged.nom.lef -i /home/yugal85/.volare/sky130A/libs.ref/sky130_fd_sc_hd/techlef/sky130_fd_sc_hd__nom.tlef {/home/yugal85/.volare/sky130A/libs.ref/sky130_fd_sc_hd/lef/sky130_fd_sc_hd.lef /home/yugal85/.volare/sky130A/libs.ref/sky130_fd_sc_hd/lef/sky130_ef_sc_hd.lef} |& tee /dev/null}"

Mon Dec 23 22:09:46 +0000 2024 - Executing "{/openlane/scripts/mergeLef.py -o /openlane/designs/picorv32a/runs/RUN_2024.12.23_22.09.45/tmp/merged.nom.lef -i /openlane/designs/picorv32a/runs/RUN_2024.12.23_22.09.45/tmp/merged.nom.lef /openlane/designs/picorv32a/src/sky130_vsdinv.lef |& tee /dev/null}"

Mon Dec 23 22:09:46 +0000 2024 - Executing "{/openlane/scripts/mergeLef.py -o /openlane/designs/picorv32a/runs/RUN_2024.12.23_22.09.45/tmp/merged.min.lef -i /home/yugal85/.volare/sky130A/libs.ref/sky130_fd_sc_hd/techlef/sky130_fd_sc_hd__min.tlef {/home/yugal85/.volare/sky130A/libs.ref/sky130_fd_sc_hd/lef/sky130_fd_sc_hd.lef /home/yugal85/.volare/sky130A/libs.ref/sky130_fd_sc_hd/lef/sky130_ef_sc_hd.lef} |& tee /dev/null}"

Mon Dec 23 22:09:46 +0000 2024 - Executing "{/openlane/scripts/mergeLef.py -o /openlane/designs/picorv32a/runs/RUN_2024.12.23_22.09.45/tmp/merged.min.lef -i /openlane/designs/picorv32a/runs/RUN_2024.12.23_22.09.45/tmp/merged.min.lef /openlane/designs/picorv32a/src/sky130_vsdinv.lef |& tee /dev/null}"

Mon Dec 23 22:09:46 +0000 2024 - Executing "{/openlane/scripts/mergeLef.py -o /openlane/designs/picorv32a/runs/RUN_2024.12.23_22.09.45/tmp/merged.max.lef -i /home/yugal85/.volare/sky130A/libs.ref/sky130_fd_sc_hd/techlef/sky130_fd_sc_hd__max.tlef {/home/yugal85/.volare/sky130A/libs.ref/sky130_fd_sc_hd/lef/sky130_fd_sc_hd.lef /home/yugal85/.volare/sky130A/libs.ref/sky130_fd_sc_hd/lef/sky130_ef_sc_hd.lef} |& tee /dev/null}"

Mon Dec 23 22:09:46 +0000 2024 - Executing "{/openlane/scripts/mergeLef.py -o /openlane/designs/picorv32a/runs/RUN_2024.12.23_22.09.45/tmp/merged.max.lef -i /openlane/designs/picorv32a/runs/RUN_2024.12.23_22.09.45/tmp/merged.max.lef /openlane/designs/picorv32a/src/sky130_vsdinv.lef |& tee /dev/null}"

Mon Dec 23 22:09:46 +0000 2024 - Executing "{python3 /openlane/scripts/mergeLib.py --output /openlane/designs/picorv32a/runs/RUN_2024.12.23_22.09.45/tmp/synthesis/merged.lib --name sky130A_merged /openlane/designs/picorv32a/src/sky130_fd_sc_hd__typical.lib}"

Mon Dec 23 22:09:46 +0000 2024 - Executing "{python3 /openlane/scripts/libtrim.py --cell-file /openlane/designs/picorv32a/runs/RUN_2024.12.23_22.09.45/tmp/synthesis/trimmed.lib.exclude.list --output /openlane/designs/picorv32a/runs/RUN_2024.12.23_22.09.45/tmp/synthesis/trimmed.lib /openlane/designs/picorv32a/runs/RUN_2024.12.23_22.09.45/tmp/synthesis/merged.lib}"

Mon Dec 23 22:09:47 +0000 2024 - Executing "{python3 /openlane/scripts/libtrim.py --cell-file /openlane/designs/picorv32a/runs/RUN_2024.12.23_22.09.45/tmp/cts/cts.lib.exclude.list --output /openlane/designs/picorv32a/runs/RUN_2024.12.23_22.09.45/tmp/cts/cts.lib /openlane/designs/picorv32a/src/sky130_fd_sc_hd__typical.lib}"

Mon Dec 23 22:09:47 +0000 2024 - Executing "{python3 /openlane/scripts/libtrim.py --cell-file /openlane/designs/picorv32a/runs/RUN_2024.12.23_22.09.45/tmp/cts/cts-fastest.lib.exclude.list --output /openlane/designs/picorv32a/runs/RUN_2024.12.23_22.09.45/tmp/cts/cts-fastest.lib /openlane/designs/picorv32a/src/sky130_fd_sc_hd__fast.lib}"

Mon Dec 23 22:09:47 +0000 2024 - Executing "{python3 /openlane/scripts/libtrim.py --cell-file /openlane/designs/picorv32a/runs/RUN_2024.12.23_22.09.45/tmp/cts/cts-slowest.lib.exclude.list --output /openlane/designs/picorv32a/runs/RUN_2024.12.23_22.09.45/tmp/cts/cts-slowest.lib /openlane/designs/picorv32a/src/sky130_fd_sc_hd__slow.lib}"

Mon Dec 23 22:09:47 +0000 2024 - Executing "{python3 /openlane/scripts/new_tracks.py -i /home/yugal85/.volare/sky130A/libs.tech/openlane/sky130_fd_sc_hd/tracks.info -o /openlane/designs/picorv32a/runs/RUN_2024.12.23_22.09.45/tmp/routing/config.tracks}"

Mon Dec 23 22:09:47 +0000 2024 - Executing "{echo {OpenLane 3876562d27af3f6825a823941b1cab36f7eb6dc3} > /openlane/designs/picorv32a/runs/RUN_2024.12.23_22.09.45/OPENLANE_COMMIT}"

Mon Dec 23 22:09:51 +0000 2024 - Executing "{sed -E {s/^([[:space:]]+)pg_pin(.*)/\1pin\2\n\1    direction : "inout";/g} /openlane/designs/picorv32a/src/sky130_fd_sc_hd__typical.lib > /openlane/designs/picorv32a/runs/RUN_2024.12.23_22.09.45/tmp/synthesis/1-sky130_fd_sc_hd__typical.no_pg.lib}"

Mon Dec 23 22:09:51 +0000 2024 - Executing "{sed -E {s/^([[:space:]]+)pg_pin(.*)/\1pin\2\n\1    direction : "inout";/g} /openlane/designs/picorv32a/runs/RUN_2024.12.23_22.09.45/tmp/synthesis/trimmed.lib > /openlane/designs/picorv32a/runs/RUN_2024.12.23_22.09.45/tmp/synthesis/1-trimmed.no_pg.lib}"

Mon Dec 23 22:09:51 +0000 2024 - Executing "yosys -c /openlane/scripts/yosys/synth.tcl |& tee /dev/null /openlane/designs/picorv32a/runs/RUN_2024.12.23_22.09.45/logs/synthesis/1-synthesis.log"

Mon Dec 23 22:09:51 +0000 2024 - Executing "{yosys -c /openlane/scripts/yosys/synth.tcl |& tee /dev/null /openlane/designs/picorv32a/runs/RUN_2024.12.23_22.09.45/logs/synthesis/1-synthesis.log}"

Mon Dec 23 22:10:08 +0000 2024 - Executing "{sed -i.bak -e {s/\(set ::env(CURRENT_NETLIST)\).*/\1 \/openlane\/designs\/picorv32a\/runs\/RUN_2024.12.23_22.09.45\/results\/synthesis\/picorv32a.v/} /openlane/designs/picorv32a/runs/RUN_2024.12.23_22.09.45/config.tcl}"

Mon Dec 23 22:10:08 +0000 2024 - Executing "{sed -i.bak /defparam/d /openlane/designs/picorv32a/runs/RUN_2024.12.23_22.09.45/results/synthesis/picorv32a.v}"

Mon Dec 23 22:10:08 +0000 2024 - Executing "sta -exit -no_init /openlane/scripts/openroad/sta/multi_corner.tcl |& tee /dev/null /openlane/designs/picorv32a/runs/RUN_2024.12.23_22.09.45/logs/synthesis/2-sta.log"

Mon Dec 23 22:10:08 +0000 2024 - Executing "{sta -exit -no_init /openlane/scripts/openroad/sta/multi_corner.tcl |& tee /dev/null /openlane/designs/picorv32a/runs/RUN_2024.12.23_22.09.45/logs/synthesis/2-sta.log}"

Mon Dec 23 22:10:33 +0000 2024 - Executing "openroad -exit /openlane/scripts/openroad/floorplan.tcl |& tee /dev/null /openlane/designs/picorv32a/runs/RUN_2024.12.23_22.09.45/logs/floorplan/3-initial_fp.log"

Mon Dec 23 22:10:33 +0000 2024 - Executing "{openroad -exit /openlane/scripts/openroad/floorplan.tcl |& tee /dev/null /openlane/designs/picorv32a/runs/RUN_2024.12.23_22.09.45/logs/floorplan/3-initial_fp.log}"

Mon Dec 23 22:10:34 +0000 2024 - Executing "{openroad -exit -no_init -python /openlane/scripts/odbpy/defutil.py extract_core_dims --output-data /openlane/designs/picorv32a/runs/RUN_2024.12.23_22.09.45/tmp/dimensions.txt --input-lef /openlane/designs/picorv32a/runs/RUN_2024.12.23_22.09.45/tmp/merged.nom.lef /openlane/designs/picorv32a/runs/RUN_2024.12.23_22.09.45/tmp/floorplan/3-initial_fp.def}"

Mon Dec 23 22:10:39 +0000 2024 - Executing "openroad -exit /openlane/scripts/openroad/ioplacer.tcl |& tee /dev/null /openlane/designs/picorv32a/runs/RUN_2024.12.23_22.09.45/logs/floorplan/4-io.log"

Mon Dec 23 22:10:39 +0000 2024 - Executing "{openroad -exit /openlane/scripts/openroad/ioplacer.tcl |& tee /dev/null /openlane/designs/picorv32a/runs/RUN_2024.12.23_22.09.45/logs/floorplan/4-io.log}"

Mon Dec 23 22:10:46 +0000 2024 - Executing "openroad -exit /openlane/scripts/openroad/tapcell.tcl |& tee /dev/null /openlane/designs/picorv32a/runs/RUN_2024.12.23_22.09.45/logs/floorplan/5-tap.log"

Mon Dec 23 22:10:46 +0000 2024 - Executing "{openroad -exit /openlane/scripts/openroad/tapcell.tcl |& tee /dev/null /openlane/designs/picorv32a/runs/RUN_2024.12.23_22.09.45/logs/floorplan/5-tap.log}"

Mon Dec 23 22:10:51 +0000 2024 - Executing "openroad -exit /openlane/scripts/openroad/gpl.tcl |& tee /dev/null /openlane/designs/picorv32a/runs/RUN_2024.12.23_22.09.45/logs/placement/5-global_skip_io.log"

Mon Dec 23 22:10:51 +0000 2024 - Executing "{openroad -exit /openlane/scripts/openroad/gpl.tcl |& tee /dev/null /openlane/designs/picorv32a/runs/RUN_2024.12.23_22.09.45/logs/placement/5-global_skip_io.log}"

Mon Dec 23 22:10:53 +0000 2024 - Executing "{sed -i.bak -e {s/\(set ::env(CURRENT_NETLIST)\).*/\1 \/openlane\/designs\/picorv32a\/runs\/RUN_2024.12.23_22.09.45\/tmp\/placement\/6-global_skip_io.nl.v/} /openlane/designs/picorv32a/runs/RUN_2024.12.23_22.09.45/config.tcl}"

Mon Dec 23 22:10:53 +0000 2024 - Executing "openroad -exit /openlane/scripts/openroad/sta/multi_corner.tcl |& tee /dev/null /openlane/designs/picorv32a/runs/RUN_2024.12.23_22.09.45/logs/placement/7-gpl_sta.log"

Mon Dec 23 22:10:53 +0000 2024 - Executing "{openroad -exit /openlane/scripts/openroad/sta/multi_corner.tcl |& tee /dev/null /openlane/designs/picorv32a/runs/RUN_2024.12.23_22.09.45/logs/placement/7-gpl_sta.log}"

Mon Dec 23 22:10:56 +0000 2024 - Executing "openroad -exit /openlane/scripts/openroad/ioplacer.tcl |& tee /dev/null /openlane/designs/picorv32a/runs/RUN_2024.12.23_22.09.45/logs/placement/8-io.log"

Mon Dec 23 22:10:56 +0000 2024 - Executing "{openroad -exit /openlane/scripts/openroad/ioplacer.tcl |& tee /dev/null /openlane/designs/picorv32a/runs/RUN_2024.12.23_22.09.45/logs/placement/8-io.log}"

Mon Dec 23 22:10:56 +0000 2024 - Executing "openroad -exit /openlane/scripts/openroad/gpl.tcl |& tee /dev/null /openlane/designs/picorv32a/runs/RUN_2024.12.23_22.09.45/logs/placement/8-global.log"

Mon Dec 23 22:10:56 +0000 2024 - Executing "{openroad -exit /openlane/scripts/openroad/gpl.tcl |& tee /dev/null /openlane/designs/picorv32a/runs/RUN_2024.12.23_22.09.45/logs/placement/8-global.log}"

Mon Dec 23 22:10:58 +0000 2024 - Executing "{sed -i.bak -e {s/\(set ::env(CURRENT_NETLIST)\).*/\1 \/openlane\/designs\/picorv32a\/runs\/RUN_2024.12.23_22.09.45\/tmp\/placement\/9-global.nl.v/} /openlane/designs/picorv32a/runs/RUN_2024.12.23_22.09.45/config.tcl}"

Mon Dec 23 22:10:58 +0000 2024 - Executing "openroad -exit /openlane/scripts/openroad/sta/multi_corner.tcl |& tee /dev/null /openlane/designs/picorv32a/runs/RUN_2024.12.23_22.09.45/logs/placement/10-gpl_sta.log"

Mon Dec 23 22:10:58 +0000 2024 - Executing "{openroad -exit /openlane/scripts/openroad/sta/multi_corner.tcl |& tee /dev/null /openlane/designs/picorv32a/runs/RUN_2024.12.23_22.09.45/logs/placement/10-gpl_sta.log}"

Mon Dec 23 22:11:01 +0000 2024 - Executing "openroad -exit /openlane/scripts/openroad/resizer.tcl |& tee /dev/null /openlane/designs/picorv32a/runs/RUN_2024.12.23_22.09.45/logs/placement/11-resizer.log"

Mon Dec 23 22:11:01 +0000 2024 - Executing "{openroad -exit /openlane/scripts/openroad/resizer.tcl |& tee /dev/null /openlane/designs/picorv32a/runs/RUN_2024.12.23_22.09.45/logs/placement/11-resizer.log}"

Mon Dec 23 22:11:07 +0000 2024 - Executing "{sed -i.bak -e {s/\(set ::env(CURRENT_NETLIST)\).*/\1 \/openlane\/designs\/picorv32a\/runs\/RUN_2024.12.23_22.09.45\/tmp\/placement\/11-resizer.nl.v/} /openlane/designs/picorv32a/runs/RUN_2024.12.23_22.09.45/config.tcl}"

Mon Dec 23 22:11:07 +0000 2024 - Executing "openroad -exit /openlane/scripts/openroad/dpl.tcl |& tee /dev/null /openlane/designs/picorv32a/runs/RUN_2024.12.23_22.09.45/logs/placement/12-detailed.log"

Mon Dec 23 22:11:07 +0000 2024 - Executing "{openroad -exit /openlane/scripts/openroad/dpl.tcl |& tee /dev/null /openlane/designs/picorv32a/runs/RUN_2024.12.23_22.09.45/logs/placement/12-detailed.log}"

Mon Dec 23 22:11:08 +0000 2024 - Executing "{sed -i.bak -e {s/\(set ::env(CURRENT_NETLIST)\).*/\1 \/openlane\/designs\/picorv32a\/runs\/RUN_2024.12.23_22.09.45\/results\/placement\/picorv32a.nl.v/} /openlane/designs/picorv32a/runs/RUN_2024.12.23_22.09.45/config.tcl}"

Mon Dec 23 22:11:08 +0000 2024 - Executing "openroad -exit /openlane/scripts/openroad/sta/multi_corner.tcl |& tee /dev/null /openlane/designs/picorv32a/runs/RUN_2024.12.23_22.09.45/logs/placement/13-dpl_sta.log"

Mon Dec 23 22:11:08 +0000 2024 - Executing "{openroad -exit /openlane/scripts/openroad/sta/multi_corner.tcl |& tee /dev/null /openlane/designs/picorv32a/runs/RUN_2024.12.23_22.09.45/logs/placement/13-dpl_sta.log}"

Mon Dec 23 22:11:13 +0000 2024 - Executing "openroad -exit /openlane/scripts/openroad/cts.tcl |& tee /dev/null /openlane/designs/picorv32a/runs/RUN_2024.12.23_22.09.45/logs/cts/14-cts.log"

Mon Dec 23 22:11:13 +0000 2024 - Executing "{openroad -exit /openlane/scripts/openroad/cts.tcl |& tee /dev/null /openlane/designs/picorv32a/runs/RUN_2024.12.23_22.09.45/logs/cts/14-cts.log}"

Mon Dec 23 22:11:21 +0000 2024 - Executing "openroad -exit /openlane/scripts/openroad/sta/multi_corner.tcl |& tee /dev/null /openlane/designs/picorv32a/runs/RUN_2024.12.23_22.09.45/logs/cts/15-cts_sta.log"

Mon Dec 23 22:11:21 +0000 2024 - Executing "{openroad -exit /openlane/scripts/openroad/sta/multi_corner.tcl |& tee /dev/null /openlane/designs/picorv32a/runs/RUN_2024.12.23_22.09.45/logs/cts/15-cts_sta.log}"

Mon Dec 23 22:11:29 +0000 2024 - Executing "openroad -exit /openlane/scripts/openroad/pdn.tcl |& tee /dev/null /openlane/designs/picorv32a/runs/RUN_2024.12.23_22.09.45/logs/floorplan/16-pdn.log"

Mon Dec 23 22:11:29 +0000 2024 - Executing "{openroad -exit /openlane/scripts/openroad/pdn.tcl |& tee /dev/null /openlane/designs/picorv32a/runs/RUN_2024.12.23_22.09.45/logs/floorplan/16-pdn.log}"

Mon Dec 23 22:13:50 +0000 2024 - Executing "openroad -exit /openlane/scripts/openroad/pdn.tcl |& tee /dev/null /openlane/designs/picorv32a/runs/RUN_2024.12.23_22.09.45/logs/floorplan/17-pdn.log"

Mon Dec 23 22:13:50 +0000 2024 - Executing "{openroad -exit /openlane/scripts/openroad/pdn.tcl |& tee /dev/null /openlane/designs/picorv32a/runs/RUN_2024.12.23_22.09.45/logs/floorplan/17-pdn.log}"

Mon Dec 23 22:20:29 +0000 2024 - Executing "openroad -exit /openlane/scripts/openroad/pdn.tcl |& tee /dev/null /openlane/designs/picorv32a/runs/RUN_2024.12.23_22.09.45/logs/floorplan/18-pdn.log"

Mon Dec 23 22:20:29 +0000 2024 - Executing "{openroad -exit /openlane/scripts/openroad/pdn.tcl |& tee /dev/null /openlane/designs/picorv32a/runs/RUN_2024.12.23_22.09.45/logs/floorplan/18-pdn.log}"

Mon Dec 23 22:23:13 +0000 2024 - Executing "openroad -exit /openlane/scripts/openroad/resizer_routing_design.tcl |& tee /dev/null /openlane/designs/picorv32a/runs/RUN_2024.12.23_22.09.45/logs/routing/19-resizer_design.log"

Mon Dec 23 22:23:13 +0000 2024 - Executing "{openroad -exit /openlane/scripts/openroad/resizer_routing_design.tcl |& tee /dev/null /openlane/designs/picorv32a/runs/RUN_2024.12.23_22.09.45/logs/routing/19-resizer_design.log}"

Mon Dec 23 22:23:22 +0000 2024 - Executing "{sed -i.bak -e {s/\(set ::env(CURRENT_NETLIST)\).*/\1 \/openlane\/designs\/picorv32a\/runs\/RUN_2024.12.23_22.09.45\/tmp\/19-picorv32a.nl.v/} /openlane/designs/picorv32a/runs/RUN_2024.12.23_22.09.45/config.tcl}"

Mon Dec 23 22:23:22 +0000 2024 - Executing "openroad -exit /openlane/scripts/openroad/sta/multi_corner.tcl |& tee /dev/null /openlane/designs/picorv32a/runs/RUN_2024.12.23_22.09.45/logs/routing/20-rsz_design_sta.log"

Mon Dec 23 22:23:22 +0000 2024 - Executing "{openroad -exit /openlane/scripts/openroad/sta/multi_corner.tcl |& tee /dev/null /openlane/designs/picorv32a/runs/RUN_2024.12.23_22.09.45/logs/routing/20-rsz_design_sta.log}"

Mon Dec 23 22:23:26 +0000 2024 - Executing "openroad -exit /openlane/scripts/openroad/resizer_routing_timing.tcl |& tee /dev/null /openlane/designs/picorv32a/runs/RUN_2024.12.23_22.09.45/logs/routing/21-resizer_timing.log"

Mon Dec 23 22:23:26 +0000 2024 - Executing "{openroad -exit /openlane/scripts/openroad/resizer_routing_timing.tcl |& tee /dev/null /openlane/designs/picorv32a/runs/RUN_2024.12.23_22.09.45/logs/routing/21-resizer_timing.log}"

Mon Dec 23 22:23:35 +0000 2024 - Executing "{sed -i.bak -e {s/\(set ::env(CURRENT_NETLIST)\).*/\1 \/openlane\/designs\/picorv32a\/runs\/RUN_2024.12.23_22.09.45\/tmp\/21-picorv32a.nl.v/} /openlane/designs/picorv32a/runs/RUN_2024.12.23_22.09.45/config.tcl}"

Mon Dec 23 22:23:35 +0000 2024 - Executing "openroad -exit /openlane/scripts/openroad/sta/multi_corner.tcl |& tee /dev/null /openlane/designs/picorv32a/runs/RUN_2024.12.23_22.09.45/logs/routing/22-rsz_timing_sta.log"

Mon Dec 23 22:23:35 +0000 2024 - Executing "{openroad -exit /openlane/scripts/openroad/sta/multi_corner.tcl |& tee /dev/null /openlane/designs/picorv32a/runs/RUN_2024.12.23_22.09.45/logs/routing/22-rsz_timing_sta.log}"

Mon Dec 23 22:23:39 +0000 2024 - Executing "openroad -exit /openlane/scripts/openroad/repair_antennas.tcl |& tee /dev/null /openlane/designs/picorv32a/runs/RUN_2024.12.23_22.09.45/logs/routing/23-global.log"

Mon Dec 23 22:23:39 +0000 2024 - Executing "{openroad -exit /openlane/scripts/openroad/repair_antennas.tcl |& tee /dev/null /openlane/designs/picorv32a/runs/RUN_2024.12.23_22.09.45/logs/routing/23-global.log}"

Mon Dec 23 22:23:45 +0000 2024 - Executing "openroad -exit /openlane/scripts/openroad/write_views.tcl |& tee /dev/null /openlane/designs/picorv32a/runs/RUN_2024.12.23_22.09.45/logs/routing/23-global_write_netlist.log"

Mon Dec 23 22:23:45 +0000 2024 - Executing "{openroad -exit /openlane/scripts/openroad/write_views.tcl |& tee /dev/null /openlane/designs/picorv32a/runs/RUN_2024.12.23_22.09.45/logs/routing/23-global_write_netlist.log}"

Mon Dec 23 22:23:45 +0000 2024 - Executing "{sed -i.bak -e {s/\(set ::env(CURRENT_NETLIST)\).*/\1 \/openlane\/designs\/picorv32a\/runs\/RUN_2024.12.23_22.09.45\/tmp\/routing\/global.nl.v/} /openlane/designs/picorv32a/runs/RUN_2024.12.23_22.09.45/config.tcl}"

Mon Dec 23 22:23:45 +0000 2024 - Executing "openroad -exit /openlane/scripts/openroad/sta/multi_corner.tcl |& tee /dev/null /openlane/designs/picorv32a/runs/RUN_2024.12.23_22.09.45/logs/routing/25-grt_sta.log"

Mon Dec 23 22:23:45 +0000 2024 - Executing "{openroad -exit /openlane/scripts/openroad/sta/multi_corner.tcl |& tee /dev/null /openlane/designs/picorv32a/runs/RUN_2024.12.23_22.09.45/logs/routing/25-grt_sta.log}"

Mon Dec 23 22:23:47 +0000 2024 - Executing "openroad -exit /openlane/scripts/openroad/fill.tcl |& tee /dev/null /openlane/designs/picorv32a/runs/RUN_2024.12.23_22.09.45/logs/routing/26-fill.log"

Mon Dec 23 22:23:47 +0000 2024 - Executing "{openroad -exit /openlane/scripts/openroad/fill.tcl |& tee /dev/null /openlane/designs/picorv32a/runs/RUN_2024.12.23_22.09.45/logs/routing/26-fill.log}"

Mon Dec 23 22:23:48 +0000 2024 - Executing "{sed -i.bak -e {s/\(set ::env(CURRENT_NETLIST)\).*/\1 \/openlane\/designs\/picorv32a\/runs\/RUN_2024.12.23_22.09.45\/tmp\/routing\/26-fill.nl.v/} /openlane/designs/picorv32a/runs/RUN_2024.12.23_22.09.45/config.tcl}"

Mon Dec 23 22:23:48 +0000 2024 - Executing "openroad -exit -metrics /openlane/designs/picorv32a/runs/RUN_2024.12.23_22.09.45/reports/routing/27-drt_metrics.json /openlane/scripts/openroad/droute.tcl |& tee /dev/null /openlane/designs/picorv32a/runs/RUN_2024.12.23_22.09.45/logs/routing/27-detailed.log"

Mon Dec 23 22:23:48 +0000 2024 - Executing "{openroad -exit -metrics /openlane/designs/picorv32a/runs/RUN_2024.12.23_22.09.45/reports/routing/27-drt_metrics.json /openlane/scripts/openroad/droute.tcl |& tee /dev/null /openlane/designs/picorv32a/runs/RUN_2024.12.23_22.09.45/logs/routing/27-detailed.log}"

Mon Dec 23 22:30:41 +0000 2024 - Executing "{sed -i.bak -e {s/\(set ::env(CURRENT_NETLIST)\).*/\1 \/openlane\/designs\/picorv32a\/runs\/RUN_2024.12.23_22.09.45\/results\/routing\/picorv32a.nl.v/} /openlane/designs/picorv32a/runs/RUN_2024.12.23_22.09.45/config.tcl}"

Mon Dec 23 22:30:41 +0000 2024 - Executing "{python3 /openlane/scripts/drc_rosetta.py tr to_klayout -o /openlane/designs/picorv32a/runs/RUN_2024.12.23_22.09.45/reports/routing/drt.klayout.xml --design-name picorv32a /openlane/designs/picorv32a/runs/RUN_2024.12.23_22.09.45/reports/routing/drt.drc}"

Mon Dec 23 22:30:41 +0000 2024 - Executing "{openroad -exit -no_init -python /openlane/scripts/odbpy/wire_lengths.py --report-out /openlane/designs/picorv32a/runs/RUN_2024.12.23_22.09.45/reports/routing/28-wire_lengths.csv --input-lef /openlane/designs/picorv32a/runs/RUN_2024.12.23_22.09.45/tmp/merged.nom.lef --output-def /openlane/designs/picorv32a/runs/RUN_2024.12.23_22.09.45/results/routing/picorv32a.def --output /openlane/designs/picorv32a/runs/RUN_2024.12.23_22.09.45/results/routing/picorv32a.odb /openlane/designs/picorv32a/runs/RUN_2024.12.23_22.09.45/results/routing/picorv32a.odb |& tee /dev/null /openlane/designs/picorv32a/runs/RUN_2024.12.23_22.09.45/logs/routing/28-wire_lengths.log}"

