[ERROR]: during executing openroad script /openlane/scripts/openroad/pdn.tcl
[ERROR]: Log: designs/picorv32a/runs/RUN_2024.12.23_22.09.45/logs/floorplan/16-pdn.log
[ERROR]: Last 10 lines:
[INFO]: Reading ODB at '/openlane/designs/picorv32a/runs/RUN_2024.12.23_22.09.45/results/cts/picorv32a.odb'…
Reading design constraints file at '/openlane/scripts/base.sdc'…
[INFO]: Setting output delay to: 4.946000000000001
[INFO]: Setting input delay to: 4.946000000000001
[INFO]: Setting load to: 0.033442
[INFO]: Setting clock uncertainty to: 0.25
[INFO]: Setting clock transition to: 0.15
[INFO]: Setting timing derate to: 5.0 %
Error: pdn_cfg.tcl, 41 can't read "::env(VDD_NETS)": no such variable
child process exited abnormally

[ERROR]: Creating issue reproducible...
[ERROR]: during executing openroad script /openlane/scripts/openroad/pdn.tcl
[ERROR]: Log: designs/picorv32a/runs/RUN_2024.12.23_22.09.45/logs/floorplan/17-pdn.log
[ERROR]: Last 10 lines:
[INFO]: Reading ODB at '/openlane/designs/picorv32a/runs/RUN_2024.12.23_22.09.45/results/cts/picorv32a.odb'…
Reading design constraints file at '/openlane/scripts/base.sdc'…
[INFO]: Setting output delay to: 4.946000000000001
[INFO]: Setting input delay to: 4.946000000000001
[INFO]: Setting load to: 0.033442
[INFO]: Setting clock uncertainty to: 0.25
[INFO]: Setting clock transition to: 0.15
[INFO]: Setting timing derate to: 5.0 %
Error: pdn_cfg.tcl, 41 can't read "::env(VDD_NETS)": no such variable
child process exited abnormally

[ERROR]: Creating issue reproducible...
